<?xml version="1.0" encoding="UTF-8"?>
<testsuite name="TaskTest" tests="6" skipped="0" failures="0" errors="0" timestamp="2016-04-27T16:35:19" hostname="epicodus-48.local" time="0.003">
  <properties/>
  <testcase name="getCreatedAt_instantiatesWithCurrentTime_today" classname="TaskTest" time="0.0"/>
  <testcase name="isComplete_isFalseAfterInstantiation_false" classname="TaskTest" time="0.0"/>
  <testcase name="all_returnsAllInstancesOfTask_true" classname="TaskTest" time="0.0"/>
  <testcase name="Task_instantiatesCorrectly_true" classname="TaskTest" time="0.0"/>
  <testcase name="Task_instantiatesWithDescription_String" classname="TaskTest" time="0.0"/>
  <testcase name="clear_emptiesAllTasksFromArrayList_0" classname="TaskTest" time="0.0"/>
  <system-out><![CDATA[]]></system-out>
  <system-err><![CDATA[]]></system-err>
</testsuite>
